# JRE version: OpenJDK Runtime Environment (8.0_152-b02) (build 1.8.0_152-release-1024-b02)
# Java VM: OpenJDK 64-Bit Server VM (25.152-b02 mixed mode windows-amd64 compressed oops)
Heap:
 PSYoungGen      total 382464K, used 325613K [0x00000000e0000000, 0x00000000ff300000, 0x0000000100000000)
  eden space 305664K, 100% used [0x00000000e0000000,0x00000000f2a80000,0x00000000f2a80000)
  from space 76800K, 25% used [0x00000000f2a80000,0x00000000f3dfb790,0x00000000f7580000)
  to   space 72704K, 12% used [0x00000000fac00000,0x00000000fb524150,0x00000000ff300000)
 ParOldGen       total 269312K, used 146998K [0x00000000a0000000, 0x00000000b0700000, 0x00000000e0000000)
  object space 269312K, 54% used [0x00000000a0000000,0x00000000a8f8dae8,0x00000000b0700000)
 Metaspace       used 83596K, capacity 86247K, committed 87128K, reserved 1126400K
  class space    used 10393K, capacity 10943K, committed 11136K, reserved 1048576K
GC Heap History (10 events):
Event: 4587.389 GC heap after
Heap after GC invocations=29 (full 4):
 PSYoungGen      total 298496K, used 6029K [0x00000000e0000000, 0x00000000f9b80000, 0x0000000100000000)
  eden space 214016K, 0% used [0x00000000e0000000,0x00000000e0000000,0x00000000ed100000)
  from space 84480K, 7% used [0x00000000ed100000,0x00000000ed6e3498,0x00000000f2380000)
  to   space 83968K, 0% used [0x00000000f4980000,0x00000000f4980000,0x00000000f9b80000)
 ParOldGen       total 269312K, used 94383K [0x00000000a0000000, 0x00000000b0700000, 0x00000000e0000000)
  object space 269312K, 35% used [0x00000000a0000000,0x00000000a5c2bde0,0x00000000b0700000)
 Metaspace       used 83229K, capacity 85843K, committed 87128K, reserved 1126400K
  class space    used 10384K, capacity 10909K, committed 11136K, reserved 1048576K
}
Event: 4588.051 GC heap before
{Heap before GC invocations=30 (full 4):
 PSYoungGen      total 298496K, used 220045K [0x00000000e0000000, 0x00000000f9b80000, 0x0000000100000000)
  eden space 214016K, 100% used [0x00000000e0000000,0x00000000ed100000,0x00000000ed100000)
  from space 84480K, 7% used [0x00000000ed100000,0x00000000ed6e3498,0x00000000f2380000)
  to   space 83968K, 0% used [0x00000000f4980000,0x00000000f4980000,0x00000000f9b80000)
 ParOldGen       total 269312K, used 94383K [0x00000000a0000000, 0x00000000b0700000, 0x00000000e0000000)
  object space 269312K, 35% used [0x00000000a0000000,0x00000000a5c2bde0,0x00000000b0700000)
 Metaspace       used 83353K, capacity 85995K, committed 87128K, reserved 1126400K
  class space    used 10384K, capacity 10909K, committed 11136K, reserved 1048576K
Event: 4588.072 GC heap after
Heap after GC invocations=30 (full 4):
 PSYoungGen      total 336384K, used 8891K [0x00000000e0000000, 0x00000000f9980000, 0x0000000100000000)
  eden space 254464K, 0% used [0x00000000e0000000,0x00000000e0000000,0x00000000ef880000)
  from space 81920K, 10% used [0x00000000f4980000,0x00000000f522ef68,0x00000000f9980000)
  to   space 82432K, 0% used [0x00000000ef880000,0x00000000ef880000,0x00000000f4900000)
 ParOldGen       total 269312K, used 98906K [0x00000000a0000000, 0x00000000b0700000, 0x00000000e0000000)
  object space 269312K, 36% used [0x00000000a0000000,0x00000000a6096ad8,0x00000000b0700000)
 Metaspace       used 83353K, capacity 85995K, committed 87128K, reserved 1126400K
  class space    used 10384K, capacity 10909K, committed 11136K, reserved 1048576K
}
Event: 4588.768 GC heap before
{Heap before GC invocations=31 (full 4):
 PSYoungGen      total 336384K, used 263355K [0x00000000e0000000, 0x00000000f9980000, 0x0000000100000000)
  eden space 254464K, 100% used [0x00000000e0000000,0x00000000ef880000,0x00000000ef880000)
  from space 81920K, 10% used [0x00000000f4980000,0x00000000f522ef68,0x00000000f9980000)
  to   space 82432K, 0% used [0x00000000ef880000,0x00000000ef880000,0x00000000f4900000)
 ParOldGen       total 269312K, used 98906K [0x00000000a0000000, 0x00000000b0700000, 0x00000000e0000000)
  object space 269312K, 36% used [0x00000000a0000000,0x00000000a6096ad8,0x00000000b0700000)
 Metaspace       used 83469K, capacity 86095K, committed 87128K, reserved 1126400K
  class space    used 10391K, capacity 10941K, committed 11136K, reserved 1048576K
Event: 4588.791 GC heap after
Heap after GC invocations=31 (full 4):
 PSYoungGen      total 336896K, used 10577K [0x00000000e0000000, 0x00000000fc500000, 0x0000000100000000)
  eden space 254464K, 0% used [0x00000000e0000000,0x00000000e0000000,0x00000000ef880000)
  from space 82432K, 12% used [0x00000000ef880000,0x00000000f02d47c0,0x00000000f4900000)
  to   space 80384K, 0% used [0x00000000f7680000,0x00000000f7680000,0x00000000fc500000)
 ParOldGen       total 269312K, used 106308K [0x00000000a0000000, 0x00000000b0700000, 0x00000000e0000000)
  object space 269312K, 39% used [0x00000000a0000000,0x00000000a67d1150,0x00000000b0700000)
 Metaspace       used 83469K, capacity 86095K, committed 87128K, reserved 1126400K
  class space    used 10391K, capacity 10941K, committed 11136K, reserved 1048576K
}
Event: 4589.472 GC heap before
{Heap before GC invocations=32 (full 4):
 PSYoungGen      total 336896K, used 265041K [0x00000000e0000000, 0x00000000fc500000, 0x0000000100000000)
  eden space 254464K, 100% used [0x00000000e0000000,0x00000000ef880000,0x00000000ef880000)
  from space 82432K, 12% used [0x00000000ef880000,0x00000000f02d47c0,0x00000000f4900000)
  to   space 80384K, 0% used [0x00000000f7680000,0x00000000f7680000,0x00000000fc500000)
 ParOldGen       total 269312K, used 106308K [0x00000000a0000000, 0x00000000b0700000, 0x00000000e0000000)
  object space 269312K, 39% used [0x00000000a0000000,0x00000000a67d1150,0x00000000b0700000)
 Metaspace       used 83532K, capacity 86163K, committed 87128K, reserved 1126400K
  class space    used 10391K, capacity 10941K, committed 11136K, reserved 1048576K
Event: 4589.504 GC heap after
Heap after GC invocations=32 (full 4):
 PSYoungGen      total 381440K, used 16206K [0x00000000e0000000, 0x00000000fc080000, 0x0000000100000000)
  eden space 305664K, 0% used [0x00000000e0000000,0x00000000e0000000,0x00000000f2a80000)
  from space 75776K, 21% used [0x00000000f7680000,0x00000000f8653a20,0x00000000fc080000)
  to   space 76800K, 0% used [0x00000000f2a80000,0x00000000f2a80000,0x00000000f7580000)
 ParOldGen       total 269312K, used 114544K [0x00000000a0000000, 0x00000000b0700000, 0x00000000e0000000)
  object space 269312K, 42% used [0x00000000a0000000,0x00000000a6fdc1a0,0x00000000b0700000)
 Metaspace       used 83532K, capacity 86163K, committed 87128K, reserved 1126400K
  class space    used 10391K, capacity 10941K, committed 11136K, reserved 1048576K
}
Event: 4590.600 GC heap before
{Heap before GC invocations=33 (full 4):
 PSYoungGen      total 381440K, used 321870K [0x00000000e0000000, 0x00000000fc080000, 0x0000000100000000)
  eden space 305664K, 100% used [0x00000000e0000000,0x00000000f2a80000,0x00000000f2a80000)
  from space 75776K, 21% used [0x00000000f7680000,0x00000000f8653a20,0x00000000fc080000)
  to   space 76800K, 0% used [0x00000000f2a80000,0x00000000f2a80000,0x00000000f7580000)
 ParOldGen       total 269312K, used 114544K [0x00000000a0000000, 0x00000000b0700000, 0x00000000e0000000)
  object space 269312K, 42% used [0x00000000a0000000,0x00000000a6fdc1a0,0x00000000b0700000)
 Metaspace       used 83579K, capacity 86243K, committed 87128K, reserved 1126400K
  class space    used 10393K, capacity 10943K, committed 11136K, reserved 1048576K
Event: 4590.627 GC heap after
Heap after GC invocations=33 (full 4):
 PSYoungGen      total 382464K, used 19949K [0x00000000e0000000, 0x00000000ff300000, 0x0000000100000000)
  eden space 305664K, 0% used [0x00000000e0000000,0x00000000e0000000,0x00000000f2a80000)
  from space 76800K, 25% used [0x00000000f2a80000,0x00000000f3dfb790,0x00000000f7580000)
  to   space 72704K, 0% used [0x00000000fac00000,0x00000000fac00000,0x00000000ff300000)
 ParOldGen       total 269312K, used 128524K [0x00000000a0000000, 0x00000000b0700000, 0x00000000e0000000)
  object space 269312K, 47% used [0x00000000a0000000,0x00000000a7d83200,0x00000000b0700000)
 Metaspace       used 83579K, capacity 86243K, committed 87128K, reserved 1126400K
  class space    used 10393K, capacity 10943K, committed 11136K, reserved 1048576K
}
Event: 4591.351 GC heap before
{Heap before GC invocations=34 (full 4):
 PSYoungGen      total 382464K, used 325613K [0x00000000e0000000, 0x00000000ff300000, 0x0000000100000000)
  eden space 305664K, 100% used [0x00000000e0000000,0x00000000f2a80000,0x00000000f2a80000)
  from space 76800K, 25% used [0x00000000f2a80000,0x00000000f3dfb790,0x00000000f7580000)
  to   space 72704K, 0% used [0x00000000fac00000,0x00000000fac00000,0x00000000ff300000)
 ParOldGen       total 269312K, used 128524K [0x00000000a0000000, 0x00000000b0700000, 0x00000000e0000000)
  object space 269312K, 47% used [0x00000000a0000000,0x00000000a7d83200,0x00000000b0700000)
 Metaspace       used 83596K, capacity 86247K, committed 87128K, reserved 1126400K
  class space    used 10393K, capacity 10943K, committed 11136K, reserved 1048576K

